This is pdfTeX, Version 3.141592653-2.6-1.40.29 (TeX Live 2026) (preloaded format=pdflatex 2026.7.7)  20 JUL 2026 16:19
entering extended mode
 restricted \write18 enabled.
 %&-line parsing enabled.
**access.tex
(./access.tex
LaTeX2e <2026-06-01>
L3 programming layer <2026-06-18>
(./ieeeaccess.cls (./IEEEtran.cls
Document Class: IEEEtran 2015/08/26 V1.8b by Michael Shell
-- See the "IEEEtran_HOWTO" manual for usage information.
-- http://www.michaelshell.org/tex/ieeetran/
\@IEEEtrantmpdimenA=\dimen150
\@IEEEtrantmpdimenB=\dimen151
\@IEEEtrantmpdimenC=\dimen152
\@IEEEtrantmpcountA=\count276
\@IEEEtrantmpcountB=\count277
\@IEEEtrantmpcountC=\count278
\@IEEEtrantmptoksA=\toks17
LaTeX Font Info:    Trying to load font information for OT1+ptm on input line 5
03.
(c:/texlive/2026/texmf-dist/tex/latex/psnfss/ot1ptm.fd
File: ot1ptm.fd 2001/06/04 font definitions for OT1/ptm.
)
-- Using 8.5in x 11in (letter) paper.
-- Using PDF output.
\@IEEEnormalsizeunitybaselineskip=\dimen153
-- This is a 10 point document.
LaTeX Encoding Info:    Redeclaring text command \textunderscore (encoding ?) o
n input line 937.
\CLASSINFOnormalsizebaselineskip=\dimen154
\CLASSINFOnormalsizeunitybaselineskip=\dimen155
\IEEEnormaljot=\dimen156
LaTeX Font Info:    Font shape `OT1/ptm/bx/n' in size <5> not available
(Font)              Font shape `OT1/ptm/b/n' tried instead on input line 1090.
LaTeX Font Info:    Font shape `OT1/ptm/bx/it' in size <5> not available
(Font)              Font shape `OT1/ptm/b/it' tried instead on input line 1090.

LaTeX Font Info:    Font shape `OT1/ptm/bx/n' in size <7> not available
(Font)              Font shape `OT1/ptm/b/n' tried instead on input line 1090.
LaTeX Font Info:    Font shape `OT1/ptm/bx/it' in size <7> not available
(Font)              Font shape `OT1/ptm/b/it' tried instead on input line 1090.

LaTeX Font Info:    Font shape `OT1/ptm/bx/n' in size <8> not available
(Font)              Font shape `OT1/ptm/b/n' tried instead on input line 1090.
LaTeX Font Info:    Font shape `OT1/ptm/bx/it' in size <8> not available
(Font)              Font shape `OT1/ptm/b/it' tried instead on input line 1090.

LaTeX Font Info:    Font shape `OT1/ptm/bx/n' in size <9> not available
(Font)              Font shape `OT1/ptm/b/n' tried instead on input line 1090.
LaTeX Font Info:    Font shape `OT1/ptm/bx/it' in size <9> not available
(Font)              Font shape `OT1/ptm/b/it' tried instead on input line 1090.

LaTeX Font Info:    Font shape `OT1/ptm/bx/n' in size <10> not available
(Font)              Font shape `OT1/ptm/b/n' tried instead on input line 1090.
LaTeX Font Info:    Font shape `OT1/ptm/bx/it' in size <10> not available
(Font)              Font shape `OT1/ptm/b/it' tried instead on input line 1090.

LaTeX Font Info:    Font shape `OT1/ptm/bx/n' in size <11> not available
(Font)              Font shape `OT1/ptm/b/n' tried instead on input line 1090.
LaTeX Font Info:    Font shape `OT1/ptm/bx/it' in size <11> not available
(Font)              Font shape `OT1/ptm/b/it' tried instead on input line 1090.

LaTeX Font Info:    Font shape `OT1/ptm/bx/n' in size <12> not available
(Font)              Font shape `OT1/ptm/b/n' tried instead on input line 1090.
LaTeX Font Info:    Font shape `OT1/ptm/bx/it' in size <12> not available
(Font)              Font shape `OT1/ptm/b/it' tried instead on input line 1090.

LaTeX Font Info:    Font shape `OT1/ptm/bx/n' in size <17> not available
(Font)              Font shape `OT1/ptm/b/n' tried instead on input line 1090.
LaTeX Font Info:    Font shape `OT1/ptm/bx/it' in size <17> not available
(Font)              Font shape `OT1/ptm/b/it' tried instead on input line 1090.

LaTeX Font Info:    Font shape `OT1/ptm/bx/n' in size <20> not available
(Font)              Font shape `OT1/ptm/b/n' tried instead on input line 1090.
LaTeX Font Info:    Font shape `OT1/ptm/bx/it' in size <20> not available
(Font)              Font shape `OT1/ptm/b/it' tried instead on input line 1090.

LaTeX Font Info:    Font shape `OT1/ptm/bx/n' in size <24> not available
(Font)              Font shape `OT1/ptm/b/n' tried instead on input line 1090.
LaTeX Font Info:    Font shape `OT1/ptm/bx/it' in size <24> not available
(Font)              Font shape `OT1/ptm/b/it' tried instead on input line 1090.

\IEEEquantizedlength=\dimen157
\IEEEquantizedlengthdiff=\dimen158
\IEEEquantizedtextheightdiff=\dimen159
\IEEEilabelindentA=\dimen160
\IEEEilabelindentB=\dimen161
\IEEEilabelindent=\dimen162
\IEEEelabelindent=\dimen163
\IEEEdlabelindent=\dimen164
\IEEElabelindent=\dimen165
\IEEEiednormlabelsep=\dimen166
\IEEEiedmathlabelsep=\dimen167
\IEEEiedtopsep=\skip49
\c@section=\count279
\c@subsection=\count280
\c@subsubsection=\count281
\c@paragraph=\count282
\c@IEEEsubequation=\count283
\abovecaptionskip=\skip50
\belowcaptionskip=\skip51
\c@figure=\count284
\c@table=\count285
\@IEEEeqnnumcols=\count286
\@IEEEeqncolcnt=\count287
\@IEEEsubeqnnumrollback=\count288
\@IEEEquantizeheightA=\dimen168
\@IEEEquantizeheightB=\dimen169
\@IEEEquantizeheightC=\dimen170
\@IEEEquantizeprevdepth=\dimen171
\@IEEEquantizemultiple=\count289
\@IEEEquantizeboxA=\box53
\@IEEEtmpitemindent=\dimen172
\IEEEPARstartletwidth=\dimen173
\c@IEEEbiography=\count290
\@IEEEtranrubishbin=\box54
) (c:/texlive/2026/texmf-dist/tex/generic/iftex/ifpdf.sty
Package: ifpdf 2019/10/25 v3.4 ifpdf legacy package. Use iftex instead.

(c:/texlive/2026/texmf-dist/tex/generic/iftex/iftex.sty
Package: iftex 2024/12/12 v1.0g TeX engine tests
))
(c:/texlive/2026/texmf-dist/tex/latex/xkeyval/xkeyval.sty
Package: xkeyval 2025/11/04 v2.10 package option processing (HA)

(c:/texlive/2026/texmf-dist/tex/generic/xkeyval/xkeyval.tex
(c:/texlive/2026/texmf-dist/tex/generic/xkeyval/xkvutils.tex
\XKV@toks=\toks18
\XKV@tempa@toks=\toks19
\XKV@tempb@toks=\toks20

(c:/texlive/2026/texmf-dist/tex/generic/xkeyval/keyval.tex))
\XKV@depth=\count291
File: xkeyval.tex 2014/12/03 v2.7a key=value parser (HA)
)){c:/texlive/2026/texmf-var/fonts/map/pdftex/updmap/pdftex.map}{t1-times.map}{
t1-formata.map}{t1-giovannistd.map}
\@draftversionrule=\dimen174
 (c:/texlive/2026/texmf-dist/tex/latex/graphics/color.sty
Package: color 2026-05-17 v1.3f Standard LaTeX Color (DPC)

(c:/texlive/2026/texmf-dist/tex/latex/graphics-cfg/color.cfg
File: color.cfg 2016/01/02 v1.6 sample color configuration
)
Package color Info: Driver file: pdftex.def on input line 149.

(c:/texlive/2026/texmf-dist/tex/latex/graphics-def/pdftex.def
File: pdftex.def 2025/09/29 v1.2d Graphics/color driver for pdftex
)
(c:/texlive/2026/texmf-dist/tex/latex/graphics/mathcolor.ltx)) (./spotcolor.sty
Package: spotcolor 2006/11/15 v1.2 Package for adding Spot Color support to pdf
LaTeX.
(c:/texlive/2026/texmf-dist/tex/latex/graphics/graphics.sty
Package: graphics 2026-05-17 v1.4h Standard LaTeX Graphics (DPC,SPQR)

(c:/texlive/2026/texmf-dist/tex/latex/graphics/trig.sty
Package: trig 2023/12/02 v1.11 sin cos tan (DPC)
)
(c:/texlive/2026/texmf-dist/tex/latex/graphics-cfg/graphics.cfg
File: graphics.cfg 2016/06/04 v1.11 sample graphics configuration
)
Package graphics Info: Driver file: pdftex.def on input line 106.
)
\thecolorprofile=\count292
\thecolor=\count293
)
\PANTONE=\toks21
Package color Info: Redefining color black on input line 287.
\figbox=\box55
\titlewidth=\skip52
\abstractwidth=\skip53
\c@addrCtr=\count294
\abstractbox=\box56
\indexbox=\box57
\absht=\dimen175
\kwdht=\dimen176
\@tempcntc=\count295
\titlepgskip=\skip54
\maketitlebox=\box58
)
(c:/texlive/2026/texmf-dist/tex/latex/cite/cite.sty
LaTeX Info: Redefining \cite on input line 302.
LaTeX Info: Redefining \nocite on input line 332.
Package: cite 2015/02/27  v 5.5
)
(c:/texlive/2026/texmf-dist/tex/latex/amsmath/amsmath.sty
Package: amsmath 2026/05/19 v2.18d AMS math features
\@mathmargin=\skip55

For additional information on amsmath, use the `?' option.
(c:/texlive/2026/texmf-dist/tex/latex/amsmath/amstext.sty
Package: amstext 2024/11/17 v2.01 AMS text

(c:/texlive/2026/texmf-dist/tex/latex/amsmath/amsgen.sty
File: amsgen.sty 1999/11/30 v2.0 generic functions
\@emptytoks=\toks22
\ex@=\dimen177
))
(c:/texlive/2026/texmf-dist/tex/latex/amsmath/amsbsy.sty
Package: amsbsy 1999/11/29 v1.2d Bold Symbols
\pmbraise@=\dimen178
)
(c:/texlive/2026/texmf-dist/tex/latex/amsmath/amsopn.sty
Package: amsopn 2022/04/08 v2.04 operator names
)
\inf@bad=\count296
LaTeX Info: Redefining \frac on input line 233.
\uproot@=\count297
\leftroot@=\count298
LaTeX Info: Redefining \overline on input line 398.
LaTeX Info: Redefining \colon on input line 409.
\classnum@=\count299
\DOTSCASE@=\count300
LaTeX Info: Redefining \ldots on input line 495.
LaTeX Info: Redefining \dots on input line 498.
LaTeX Info: Redefining \cdots on input line 619.
\Mathstrutbox@=\box59
\strutbox@=\box60
LaTeX Info: Redefining \big on input line 721.
LaTeX Info: Redefining \Big on input line 722.
LaTeX Info: Redefining \bigg on input line 723.
LaTeX Info: Redefining \Bigg on input line 724.
\big@size=\dimen179
LaTeX Font Info:    Redeclaring font encoding OML on input line 742.
LaTeX Font Info:    Redeclaring font encoding OMS on input line 743.
\macc@depth=\count301
LaTeX Info: Redefining \bmod on input line 904.
LaTeX Info: Redefining \pmod on input line 909.
LaTeX Info: Redefining \smash on input line 939.
LaTeX Info: Redefining \relbar on input line 969.
LaTeX Info: Redefining \Relbar on input line 970.
\c@MaxMatrixCols=\count302
\dotsspace@=\muskip17
\c@parentequation=\count303
\dspbrk@lvl=\count304
\tag@help=\toks23
\row@=\count305
\column@=\count306
\maxfields@=\count307
\andhelp@=\toks24
\eqnshift@=\dimen180
\alignsep@=\dimen181
\tagshift@=\dimen182
\tagwidth@=\dimen183
\totwidth@=\dimen184
\lineht@=\dimen185
\@envbody=\toks25
\multlinegap=\skip56
\multlinetaggap=\skip57
\mathdisplay@stack=\toks26
LaTeX Info: Redefining \[ on input line 2965.
LaTeX Info: Redefining \] on input line 2966.
)
(c:/texlive/2026/texmf-dist/tex/latex/amsfonts/amssymb.sty
Package: amssymb 2013/01/14 v3.01 AMS font symbols

(c:/texlive/2026/texmf-dist/tex/latex/amsfonts/amsfonts.sty
Package: amsfonts 2013/01/14 v3.01 Basic AMSFonts support
\symAMSa=\mathgroup4
\symAMSb=\mathgroup5
LaTeX Font Info:    Redeclaring math symbol \hbar on input line 98.
LaTeX Font Info:    Overwriting math alphabet `\mathfrak' in version `bold'
(Font)                  U/euf/m/n --> U/euf/b/n on input line 106.
))
(c:/texlive/2026/texmf-dist/tex/latex/algorithms/algorithmic.sty
Package: algorithmic 2009/08/24 v0.1 Document Style `algorithmic'

(c:/texlive/2026/texmf-dist/tex/latex/base/ifthen.sty
Package: ifthen 2024/03/16 v1.1e Standard LaTeX ifthen package (DPC)
)
\c@ALC@unique=\count308
\c@ALC@line=\count309
\c@ALC@rem=\count310
\c@ALC@depth=\count311
\ALC@tlm=\skip58
\algorithmicindent=\skip59
)
(c:/texlive/2026/texmf-dist/tex/latex/graphics/graphicx.sty
Package: graphicx 2026-05-17 v1.2e Enhanced LaTeX Graphics (DPC,SPQR)
\Gin@req@height=\dimen186
\Gin@req@width=\dimen187
)
(c:/texlive/2026/texmf-dist/tex/latex/base/textcomp.sty
Package: textcomp 2024/04/24 v2.1b Standard LaTeX package
)
(c:/texlive/2026/texmf-dist/tex/latex/xcolor/xcolor.sty
Package: xcolor 2024/09/29 v3.02 LaTeX color extensions (UK)

(c:/texlive/2026/texmf-dist/tex/latex/graphics-cfg/color.cfg
File: color.cfg 2016/01/02 v1.6 sample color configuration
)
Package xcolor Info: Driver file: pdftex.def on input line 274.
LaTeX Info: Redefining \color on input line 762.

(c:/texlive/2026/texmf-dist/tex/latex/graphics/mathcolor.ltx)
Package xcolor Info: Model `cmy' substituted by `cmy0' on input line 1349.
Package xcolor Info: Model `hsb' substituted by `rgb' on input line 1353.
Package xcolor Info: Model `RGB' extended on input line 1365.
Package xcolor Info: Model `HTML' substituted by `rgb' on input line 1367.
Package xcolor Info: Model `Hsb' substituted by `hsb' on input line 1368.
Package xcolor Info: Model `tHsb' substituted by `hsb' on input line 1369.
Package xcolor Info: Model `HSB' substituted by `hsb' on input line 1370.
Package xcolor Info: Model `Gray' substituted by `gray' on input line 1371.
Package xcolor Info: Model `wave' substituted by `hsb' on input line 1372.
)
(c:/texlive/2026/texmf-dist/tex/latex/multirow/multirow.sty
Package: multirow 2024/11/12 v2.9 Span multiple rows of a table
\multirow@colwidth=\skip60
\multirow@cntb=\count312
\multirow@dima=\skip61
\bigstrutjot=\dimen188
)
(c:/texlive/2026/texmf-dist/tex/latex/booktabs/booktabs.sty
Package: booktabs 2020/01/12 v1.61803398 Publication quality tables
\heavyrulewidth=\dimen189
\lightrulewidth=\dimen190
\cmidrulewidth=\dimen191
\belowrulesep=\dimen192
\belowbottomsep=\dimen193
\aboverulesep=\dimen194
\abovetopsep=\dimen195
\cmidrulesep=\dimen196
\cmidrulekern=\dimen197
\defaultaddspace=\dimen198
\@cmidla=\count313
\@cmidlb=\count314
\@aboverulesep=\dimen199
\@belowrulesep=\dimen256
\@thisruleclass=\count315
\@lastruleclass=\count316
\@thisrulewidth=\dimen257
)
(c:/texlive/2026/texmf-dist/tex/latex/tools/tabularx.sty
Package: tabularx 2023/12/11 v2.12a `tabularx' package (DPC)

(c:/texlive/2026/texmf-dist/tex/latex/tools/array.sty
Package: array 2026/02/24 v2.7b Tabular extension package (FMi)
\col@sep=\dimen258
\ar@mcellbox=\box61
\extrarowheight=\dimen259
\NC@list=\toks27
\extratabsurround=\skip62
\backup@length=\skip63
\ar@cellbox=\box62
)
\TX@col@width=\dimen260
\TX@old@table=\dimen261
\TX@old@col=\dimen262
\TX@target=\dimen263
\TX@delta=\dimen264
\TX@cols=\count317
\TX@ftn=\toks28
)
(c:/texlive/2026/texmf-dist/tex/latex/tools/longtable.sty
Package: longtable 2026-01-28 v4.27 Multi-page Table package (DPC)
\LTleft=\skip64
\LTright=\skip65
\LTpre=\skip66
\LTpost=\skip67
\LTchunksize=\count318
\LTcapwidth=\dimen265
\LT@head=\box63
\LT@firsthead=\box64
\LT@foot=\box65
\LT@lastfoot=\box66
\LT@gbox=\box67
\LT@cols=\count319
\LT@rows=\count320
\c@LT@tables=\count321
\c@LT@chunks=\count322
\LT@p@ftn=\toks29
)
(c:/texlive/2026/texmf-dist/tex/latex/placeins/placeins.sty
Package: placeins 2005/04/18  v 2.2
)
(c:/texlive/2026/texmf-dist/tex/latex/hyperref/hyperref.sty
Package: hyperref 2026-06-17 v7.01r Hypertext links for LaTeX

(c:/texlive/2026/texmf-dist/tex/latex/kvsetkeys/kvsetkeys.sty
Package: kvsetkeys 2022-10-05 v1.19 Key value parser (HO)
)
(c:/texlive/2026/texmf-dist/tex/generic/kvdefinekeys/kvdefinekeys.sty
Package: kvdefinekeys 2019-12-19 v1.6 Define keys (HO)
)
(c:/texlive/2026/texmf-dist/tex/generic/pdfescape/pdfescape.sty
Package: pdfescape 2019/12/09 v1.15 Implements pdfTeX's escape features (HO)

(c:/texlive/2026/texmf-dist/tex/generic/ltxcmds/ltxcmds.sty
Package: ltxcmds 2023-12-04 v1.26 LaTeX kernel commands for general use (HO)
)
(c:/texlive/2026/texmf-dist/tex/generic/pdftexcmds/pdftexcmds.sty
Package: pdftexcmds 2020-06-27 v0.33 Utility functions of pdfTeX for LuaTeX (HO
)

(c:/texlive/2026/texmf-dist/tex/generic/infwarerr/infwarerr.sty
Package: infwarerr 2019/12/03 v1.5 Providing info/warning/error messages (HO)
)
Package pdftexcmds Info: \pdf@primitive is available.
Package pdftexcmds Info: \pdf@ifprimitive is available.
Package pdftexcmds Info: \pdfdraftmode found.
))
(c:/texlive/2026/texmf-dist/tex/latex/hycolor/hycolor.sty
Package: hycolor 2020-01-27 v1.10 Color options for hyperref/bookmark (HO)
)
(c:/texlive/2026/texmf-dist/tex/latex/hyperref/nameref.sty
Package: nameref 2026-01-29 v2.58 Cross-referencing by name of section

(c:/texlive/2026/texmf-dist/tex/latex/refcount/refcount.sty
Package: refcount 2019/12/15 v3.6 Data extraction from label references (HO)
)
(c:/texlive/2026/texmf-dist/tex/generic/gettitlestring/gettitlestring.sty
Package: gettitlestring 2019/12/15 v1.6 Cleanup title references (HO)

(c:/texlive/2026/texmf-dist/tex/latex/kvoptions/kvoptions.sty
Package: kvoptions 2022-06-15 v3.15 Key value format for package options (HO)
))
\c@section@level=\count323
)
(c:/texlive/2026/texmf-dist/tex/latex/etoolbox/etoolbox.sty
Package: etoolbox 2025/10/02 v2.5m e-TeX tools for LaTeX (JAW)
\etb@tempcnta=\count324
)
(c:/texlive/2026/texmf-dist/tex/generic/stringenc/stringenc.sty
Package: stringenc 2019/11/29 v1.12 Convert strings between diff. encodings (HO
)
)
\@linkdim=\dimen266
\Hy@linkcounter=\count325
\Hy@pagecounter=\count326

(c:/texlive/2026/texmf-dist/tex/latex/hyperref/pd1enc.def
File: pd1enc.def 2026-06-17 v7.01r Hyperref: PDFDocEncoding definition (HO)
Now handling font encoding PD1 ...
... no UTF-8 mapping file for font encoding PD1
)
(c:/texlive/2026/texmf-dist/tex/generic/intcalc/intcalc.sty
Package: intcalc 2019/12/15 v1.3 Expandable calculations with integers (HO)
)
\Hy@SavedSpaceFactor=\count327

(c:/texlive/2026/texmf-dist/tex/latex/hyperref/puenc.def
File: puenc.def 2026-06-17 v7.01r Hyperref: PDF Unicode definition (HO)
Now handling font encoding PU ...
... no UTF-8 mapping file for font encoding PU
)
Package hyperref Info: Hyper figures OFF on input line 4199.
Package hyperref Info: Link nesting OFF on input line 4204.
Package hyperref Info: Hyper index ON on input line 4207.
Package hyperref Info: Plain pages OFF on input line 4214.
Package hyperref Info: Backreferencing OFF on input line 4219.
Package hyperref Info: Implicit mode ON; LaTeX internals redefined.
Package hyperref Info: Bookmarks ON on input line 4466.
\c@Hy@tempcnt=\count328

(c:/texlive/2026/texmf-dist/tex/latex/url/url.sty
\Urlmuskip=\muskip18
Package: url 2013/09/16  ver 3.4  Verb mode for urls, etc.
)
LaTeX Info: Redefining \url on input line 4805.
\XeTeXLinkMargin=\dimen267

(c:/texlive/2026/texmf-dist/tex/generic/bitset/bitset.sty
Package: bitset 2019/12/09 v1.3 Handle bit-vector datatype (HO)

(c:/texlive/2026/texmf-dist/tex/generic/bigintcalc/bigintcalc.sty
Package: bigintcalc 2019/12/15 v1.5 Expandable calculations on big integers (HO
)
))
\Fld@menulength=\count329
\Field@Width=\dimen268
\Fld@charsize=\dimen269
Package hyperref Info: Hyper figures OFF on input line 6091.
Package hyperref Info: Link nesting OFF on input line 6096.
Package hyperref Info: Hyper index ON on input line 6099.
Package hyperref Info: backreferencing OFF on input line 6106.
Package hyperref Info: Link coloring OFF on input line 6111.
Package hyperref Info: Link coloring with OCG OFF on input line 6116.
Package hyperref Info: PDF/A mode OFF on input line 6121.
\Hy@abspage=\count330
\c@Item=\count331
\c@Hfootnote=\count332
)
Package hyperref Info: Driver (autodetected): hpdftex.

(c:/texlive/2026/texmf-dist/tex/latex/hyperref/hpdftex.def
File: hpdftex.def 2026-06-17 v7.01r Hyperref driver for pdfTeX
\Fld@listcount=\count333
\c@bookmark@seq@number=\count334

(c:/texlive/2026/texmf-dist/tex/latex/rerunfilecheck/rerunfilecheck.sty
Package: rerunfilecheck 2025-06-21 v1.11 Rerun checks for auxiliary files (HO)

(c:/texlive/2026/texmf-dist/tex/generic/uniquecounter/uniquecounter.sty
Package: uniquecounter 2019/12/15 v1.4 Provide unlimited unique counter (HO)
)
Package uniquecounter Info: New unique counter `rerunfilecheck' on input line 2
84.
)
\Hy@SectionHShift=\skip68
)
(c:/texlive/2026/texmf-dist/tex/latex/base/fontenc.sty
Package: fontenc 2025/07/18 v2.1d Standard LaTeX package

(c:/texlive/2026/texmf-dist/tex/latex/vntex/t5enc.def
File: t5enc.def 2006/11/21 v1.4 Vietnamese T5 encoding
Now handling font encoding T5 ...
... processing UTF-8 mapping file for font encoding T5

(c:/texlive/2026/texmf-dist/tex/latex/vntex/t5enc.dfu
File: t5enc.dfu 2006/08/19 v1.1 UTF8 support for Vietnamese
   defining Unicode char U+00AB (decimal 171)
   defining Unicode char U+00BB (decimal 187)
   defining Unicode char U+00C0 (decimal 192)
   defining Unicode char U+00C1 (decimal 193)
   defining Unicode char U+00C2 (decimal 194)
   defining Unicode char U+00C3 (decimal 195)
   defining Unicode char U+00C8 (decimal 200)
   defining Unicode char U+00C9 (decimal 201)
   defining Unicode char U+00CA (decimal 202)
   defining Unicode char U+00CC (decimal 204)
   defining Unicode char U+00CD (decimal 205)
   defining Unicode char U+00D2 (decimal 210)
   defining Unicode char U+00D3 (decimal 211)
   defining Unicode char U+00D4 (decimal 212)
   defining Unicode char U+00D5 (decimal 213)
   defining Unicode char U+00D9 (decimal 217)
   defining Unicode char U+00DA (decimal 218)
   defining Unicode char U+00DD (decimal 221)
   defining Unicode char U+00E0 (decimal 224)
   defining Unicode char U+00E1 (decimal 225)
   defining Unicode char U+00E2 (decimal 226)
   defining Unicode char U+00E3 (decimal 227)
   defining Unicode char U+00E8 (decimal 232)
   defining Unicode char U+00E9 (decimal 233)
   defining Unicode char U+00EA (decimal 234)
   defining Unicode char U+00EC (decimal 236)
   defining Unicode char U+00ED (decimal 237)
   defining Unicode char U+00F2 (decimal 242)
   defining Unicode char U+00F3 (decimal 243)
   defining Unicode char U+00F4 (decimal 244)
   defining Unicode char U+00F5 (decimal 245)
   defining Unicode char U+00F9 (decimal 249)
   defining Unicode char U+00FA (decimal 250)
   defining Unicode char U+00FD (decimal 253)
   defining Unicode char U+0102 (decimal 258)
   defining Unicode char U+0103 (decimal 259)
   defining Unicode char U+0110 (decimal 272)
   defining Unicode char U+0111 (decimal 273)
   defining Unicode char U+0128 (decimal 296)
   defining Unicode char U+0129 (decimal 297)
   defining Unicode char U+0131 (decimal 305)
   defining Unicode char U+0168 (decimal 360)
   defining Unicode char U+0169 (decimal 361)
   defining Unicode char U+01A0 (decimal 416)
   defining Unicode char U+01A1 (decimal 417)
   defining Unicode char U+01AF (decimal 431)
   defining Unicode char U+01B0 (decimal 432)
   defining Unicode char U+1EA0 (decimal 7840)
   defining Unicode char U+1EA1 (decimal 7841)
   defining Unicode char U+1EA2 (decimal 7842)
   defining Unicode char U+1EA3 (decimal 7843)
   defining Unicode char U+1EA4 (decimal 7844)
   defining Unicode char U+1EA5 (decimal 7845)
   defining Unicode char U+1EA6 (decimal 7846)
   defining Unicode char U+1EA7 (decimal 7847)
   defining Unicode char U+1EA8 (decimal 7848)
   defining Unicode char U+1EA9 (decimal 7849)
   defining Unicode char U+1EAA (decimal 7850)
   defining Unicode char U+1EAB (decimal 7851)
   defining Unicode char U+1EAC (decimal 7852)
   defining Unicode char U+1EAD (decimal 7853)
   defining Unicode char U+1EAE (decimal 7854)
   defining Unicode char U+1EAF (decimal 7855)
   defining Unicode char U+1EB0 (decimal 7856)
   defining Unicode char U+1EB1 (decimal 7857)
   defining Unicode char U+1EB2 (decimal 7858)
   defining Unicode char U+1EB3 (decimal 7859)
   defining Unicode char U+1EB4 (decimal 7860)
   defining Unicode char U+1EB5 (decimal 7861)
   defining Unicode char U+1EB6 (decimal 7862)
   defining Unicode char U+1EB7 (decimal 7863)
   defining Unicode char U+1EB8 (decimal 7864)
   defining Unicode char U+1EB9 (decimal 7865)
   defining Unicode char U+1EBA (decimal 7866)
   defining Unicode char U+1EBB (decimal 7867)
   defining Unicode char U+1EBC (decimal 7868)
   defining Unicode char U+1EBD (decimal 7869)
   defining Unicode char U+1EBE (decimal 7870)
   defining Unicode char U+1EBF (decimal 7871)
   defining Unicode char U+1EC0 (decimal 7872)
   defining Unicode char U+1EC1 (decimal 7873)
   defining Unicode char U+1EC2 (decimal 7874)
   defining Unicode char U+1EC3 (decimal 7875)
   defining Unicode char U+1EC4 (decimal 7876)
   defining Unicode char U+1EC5 (decimal 7877)
   defining Unicode char U+1EC6 (decimal 7878)
   defining Unicode char U+1EC7 (decimal 7879)
   defining Unicode char U+1EC8 (decimal 7880)
   defining Unicode char U+1EC9 (decimal 7881)
   defining Unicode char U+1ECA (decimal 7882)
   defining Unicode char U+1ECB (decimal 7883)
   defining Unicode char U+1ECC (decimal 7884)
   defining Unicode char U+1ECD (decimal 7885)
   defining Unicode char U+1ECE (decimal 7886)
   defining Unicode char U+1ECF (decimal 7887)
   defining Unicode char U+1ED0 (decimal 7888)
   defining Unicode char U+1ED1 (decimal 7889)
   defining Unicode char U+1ED2 (decimal 7890)
   defining Unicode char U+1ED3 (decimal 7891)
   defining Unicode char U+1ED4 (decimal 7892)
   defining Unicode char U+1ED5 (decimal 7893)
   defining Unicode char U+1ED6 (decimal 7894)
   defining Unicode char U+1ED7 (decimal 7895)
   defining Unicode char U+1ED8 (decimal 7896)
   defining Unicode char U+1ED9 (decimal 7897)
   defining Unicode char U+1EDA (decimal 7898)
   defining Unicode char U+1EDB (decimal 7899)
   defining Unicode char U+1EDC (decimal 7900)
   defining Unicode char U+1EDD (decimal 7901)
   defining Unicode char U+1EDE (decimal 7902)
   defining Unicode char U+1EDF (decimal 7903)
   defining Unicode char U+1EE0 (decimal 7904)
   defining Unicode char U+1EE1 (decimal 7905)
   defining Unicode char U+1EE2 (decimal 7906)
   defining Unicode char U+1EE3 (decimal 7907)
   defining Unicode char U+1EE4 (decimal 7908)
   defining Unicode char U+1EE5 (decimal 7909)
   defining Unicode char U+1EE6 (decimal 7910)
   defining Unicode char U+1EE7 (decimal 7911)
   defining Unicode char U+1EE8 (decimal 7912)
   defining Unicode char U+1EE9 (decimal 7913)
   defining Unicode char U+1EEA (decimal 7914)
   defining Unicode char U+1EEB (decimal 7915)
   defining Unicode char U+1EEC (decimal 7916)
   defining Unicode char U+1EED (decimal 7917)
   defining Unicode char U+1EEE (decimal 7918)
   defining Unicode char U+1EEF (decimal 7919)
   defining Unicode char U+1EF0 (decimal 7920)
   defining Unicode char U+1EF1 (decimal 7921)
   defining Unicode char U+1EF2 (decimal 7922)
   defining Unicode char U+1EF3 (decimal 7923)
   defining Unicode char U+1EF4 (decimal 7924)
   defining Unicode char U+1EF5 (decimal 7925)
   defining Unicode char U+1EF6 (decimal 7926)
   defining Unicode char U+1EF7 (decimal 7927)
   defining Unicode char U+1EF8 (decimal 7928)
   defining Unicode char U+1EF9 (decimal 7929)
   defining Unicode char U+200C (decimal 8204)
   defining Unicode char U+2013 (decimal 8211)
   defining Unicode char U+2014 (decimal 8212)
   defining Unicode char U+2018 (decimal 8216)
   defining Unicode char U+2019 (decimal 8217)
   defining Unicode char U+201A (decimal 8218)
   defining Unicode char U+201C (decimal 8220)
   defining Unicode char U+201D (decimal 8221)
   defining Unicode char U+201E (decimal 8222)
   defining Unicode char U+2030 (decimal 8240)
   defining Unicode char U+2031 (decimal 8241)
   defining Unicode char U+2039 (decimal 8249)
   defining Unicode char U+203A (decimal 8250)
   defining Unicode char U+2423 (decimal 9251)
))
LaTeX Font Info:    Trying to load font information for T5+ptm on input line 11
6.

(c:/texlive/2026/texmf-dist/tex/latex/vntex/t5ptm.fd
File: t5utm.fd 2005/08/24 Fontinst v1.929 font definitions for T5/ptm.
))
(c:/texlive/2026/texmf-dist/tex/latex/base/inputenc.sty
Package: inputenc 2024/02/08 v1.3d Input encoding file
\inpenc@prehook=\toks30
\inpenc@posthook=\toks31
)
(c:/texlive/2026/texmf-dist/tex/latex/lm/lmodern.sty
Package: lmodern 2015/05/01 v1.6.1 Latin Modern Fonts
LaTeX Font Info:    Overwriting symbol font `operators' in version `normal'
(Font)                  OT1/cmr/m/n --> OT1/lmr/m/n on input line 22.
LaTeX Font Info:    Overwriting symbol font `letters' in version `normal'
(Font)                  OML/cmm/m/it --> OML/lmm/m/it on input line 23.
LaTeX Font Info:    Overwriting symbol font `symbols' in version `normal'
(Font)                  OMS/cmsy/m/n --> OMS/lmsy/m/n on input line 24.
LaTeX Font Info:    Overwriting symbol font `largesymbols' in version `normal'
(Font)                  OMX/cmex/m/n --> OMX/lmex/m/n on input line 25.
LaTeX Font Info:    Overwriting symbol font `operators' in version `bold'
(Font)                  OT1/cmr/bx/n --> OT1/lmr/bx/n on input line 26.
LaTeX Font Info:    Overwriting symbol font `letters' in version `bold'
(Font)                  OML/cmm/b/it --> OML/lmm/b/it on input line 27.
LaTeX Font Info:    Overwriting symbol font `symbols' in version `bold'
(Font)                  OMS/cmsy/b/n --> OMS/lmsy/b/n on input line 28.
LaTeX Font Info:    Overwriting symbol font `largesymbols' in version `bold'
(Font)                  OMX/cmex/m/n --> OMX/lmex/m/n on input line 29.
LaTeX Font Info:    Overwriting math alphabet `\mathbf' in version `normal'
(Font)                  OT1/cmr/bx/n --> OT1/lmr/bx/n on input line 31.
LaTeX Font Info:    Overwriting math alphabet `\mathsf' in version `normal'
(Font)                  OT1/cmss/m/n --> OT1/lmss/m/n on input line 32.
LaTeX Font Info:    Overwriting math alphabet `\mathit' in version `normal'
(Font)                  OT1/cmr/m/it --> OT1/lmr/m/it on input line 33.
LaTeX Font Info:    Overwriting math alphabet `\mathtt' in version `normal'
(Font)                  OT1/cmtt/m/n --> OT1/lmtt/m/n on input line 34.
LaTeX Font Info:    Overwriting math alphabet `\mathbf' in version `bold'
(Font)                  OT1/cmr/bx/n --> OT1/lmr/bx/n on input line 35.
LaTeX Font Info:    Overwriting math alphabet `\mathsf' in version `bold'
(Font)                  OT1/cmss/bx/n --> OT1/lmss/bx/n on input line 36.
LaTeX Font Info:    Overwriting math alphabet `\mathit' in version `bold'
(Font)                  OT1/cmr/bx/it --> OT1/lmr/bx/it on input line 37.
LaTeX Font Info:    Overwriting math alphabet `\mathtt' in version `bold'
(Font)                  OT1/cmtt/m/n --> OT1/lmtt/m/n on input line 38.
)
LaTeX Info: Redefining \textbf on input line 50.
LaTeX Info: Redefining \bf on input line 51.
LaTeX Font Info:    Trying to load font information for T5+lmr on input line 59
.

(c:/texlive/2026/texmf-dist/tex/latex/lm/t5lmr.fd
File: t5lmr.fd 2015/05/01 v1.6.1 Font defs for Latin Modern
)
(c:/texlive/2026/texmf-dist/tex/latex/l3backend/l3backend-pdftex.def
File: l3backend-pdftex.def 2026-02-18 L3 backend support: PDF output (pdfTeX)
\l__color_backend_stack_int=\count335
)
(./access.aux)
\openout1 = `access.aux'.

LaTeX Font Info:    Checking defaults for OML/cmm/m/it on input line 59.
LaTeX Font Info:    ... okay on input line 59.
LaTeX Font Info:    Checking defaults for OMS/cmsy/m/n on input line 59.
LaTeX Font Info:    ... okay on input line 59.
LaTeX Font Info:    Checking defaults for OT1/cmr/m/n on input line 59.
LaTeX Font Info:    ... okay on input line 59.
LaTeX Font Info:    Checking defaults for T1/cmr/m/n on input line 59.
LaTeX Font Info:    ... okay on input line 59.
LaTeX Font Info:    Checking defaults for TS1/cmr/m/n on input line 59.
LaTeX Font Info:    ... okay on input line 59.
LaTeX Font Info:    Checking defaults for OMX/cmex/m/n on input line 59.
LaTeX Font Info:    ... okay on input line 59.
LaTeX Font Info:    Checking defaults for U/cmr/m/n on input line 59.
LaTeX Font Info:    ... okay on input line 59.
LaTeX Font Info:    Checking defaults for PD1/pdf/m/n on input line 59.
LaTeX Font Info:    ... okay on input line 59.
LaTeX Font Info:    Checking defaults for PU/pdf/m/n on input line 59.
LaTeX Font Info:    ... okay on input line 59.
LaTeX Font Info:    Checking defaults for T5/cmr/m/n on input line 59.
LaTeX Font Info:    Trying to load font information for T5+cmr on input line 59
.
 (c:/texlive/2026/texmf-dist/tex/latex/vntex/t5cmr.fd
File: t5cmr.fd 1999/05/25 v2.5h Standard LaTeX font definitions
)
LaTeX Font Info:    ... okay on input line 59.

-- Lines per column: 56 (exact).
\symNewLetters=\mathgroup6
\symxsymbols=\mathgroup7
LaTeX Font Info:    Redeclaring math symbol \ddagger on input line 59.
LaTeX Font Info:    Redeclaring math symbol \dagger on input line 59.
\c@mv@regular=\count336
LaTeX Font Info:    Encoding `OT1' has changed to `T1' for symbol font
(Font)              `operators' in the math version `regular' on input line 59.

LaTeX Font Info:    Overwriting symbol font `operators' in version `regular'
(Font)                  OT1/cmr/m/n --> T1/formata/n/n on input line 59.
LaTeX Font Info:    Overwriting symbol font `NewLetters' in version `regular'
(Font)                  T1/times/n/it --> T1/formata/n/it on input line 59.
LaTeX Font Info:    Overwriting math alphabet `\mathrm' in version `regular'
(Font)                  T1/formata/n/n --> T1/formata/n/n on input line 59.
LaTeX Font Info:    Overwriting math alphabet `\mathit' in version `regular'
(Font)                  OT1/cmr/m/it --> T1/formata/n/it on input line 59.
LaTeX Font Info:    Overwriting math alphabet `\mathbf' in version `regular'
(Font)                  OT1/cmr/bx/n --> T1/formata/m/n on input line 59.
LaTeX Font Info:    Overwriting math alphabet `\mathtt' in version `regular'
(Font)                  OT1/cmtt/m/n --> OT1/pcr/m/n on input line 59.
\c@mv@medium=\count337
LaTeX Font Info:    Encoding `OT1' has changed to `T1' for symbol font
(Font)              `operators' in the math version `medium' on input line 59.
LaTeX Font Info:    Overwriting symbol font `operators' in version `medium'
(Font)                  OT1/cmr/m/n --> T1/formata/m/n on input line 59.
LaTeX Font Info:    Overwriting symbol font `NewLetters' in version `medium'
(Font)                  T1/times/n/it --> T1/formata/m/it on input line 59.
LaTeX Font Info:    Overwriting math alphabet `\mathrm' in version `medium'
(Font)                  > T1/formata/m/n on input line 59.
LaTeX Font Info:    Overwriting math alphabet `\mathit' in version `medium'
(Font)                  OT1/cmr/m/it --> T1/formata/m/it on input line 59.
LaTeX Font Info:    Overwriting math alphabet `\mathbf' in version `medium'
(Font)                  OT1/cmr/bx/n --> T1/formata/b/n on input line 59.
LaTeX Font Info:    Overwriting math alphabet `\mathtt' in version `medium'
(Font)                  OT1/cmtt/m/n --> OT1/pcr/b/n on input line 59.
\c@mv@black=\count338
LaTeX Font Info:    Encoding `OT1' has changed to `T1' for symbol font
(Font)              `operators' in the math version `black' on input line 59.
LaTeX Font Info:    Overwriting symbol font `operators' in version `black'
(Font)                  OT1/cmr/m/n --> T1/formata/b/n on input line 59.
LaTeX Font Info:    Overwriting symbol font `NewLetters' in version `black'
(Font)                  T1/times/n/it --> T1/formata/b/it on input line 59.
LaTeX Font Info:    Overwriting math alphabet `\mathrm' in version `black'
(Font)                  > T1/formata/b/n on input line 59.
LaTeX Font Info:    Overwriting math alphabet `\mathit' in version `black'
(Font)                  OT1/cmr/m/it --> T1/formata/b/it on input line 59.
LaTeX Font Info:    Overwriting math alphabet `\mathbf' in version `black'
(Font)                  OT1/cmr/bx/n --> T1/formata/b/n on input line 59.
LaTeX Font Info:    Overwriting math alphabet `\mathtt' in version `black'
(Font)                  OT1/cmtt/m/n --> OT1/pcr/b/n on input line 59.
LaTeX Font Info:    Trying to load font information for T1+lmr on input line 59
.
(c:/texlive/2026/texmf-dist/tex/latex/lm/t1lmr.fd
File: t1lmr.fd 2015/05/01 v1.6.1 Font defs for Latin Modern
)
LaTeX Font Info:    Trying to load font information for T1+times on input line 
59.
 (./t1times.fd)
LaTeX Font Info:    Trying to load font information for T5+times on input line 
59.
 (./t5times.fd) (c:/texlive/2026/texmf-dist/tex/context/base/mkii/supp-pdf.mkii

[Loading MPS to PDF converter (version 2006.09.02).]
\scratchcounter=\count339
\scratchdimen=\dimen270
\scratchbox=\box68
\nofMPsegments=\count340
\nofMParguments=\count341
\everyMPshowfont=\toks32
\MPscratchCnt=\count342
\MPscratchDim=\dimen271
\MPnumerator=\count343
\makeMPintoPDFobject=\count344
\everyMPtoPDFconversion=\toks33
) (c:/texlive/2026/texmf-dist/tex/latex/epstopdf-pkg/epstopdf-base.sty
Package: epstopdf-base 2020-01-24 v2.11 Base part for package epstopdf
Package epstopdf-base Info: Redefining graphics rule for `.eps' on input line 4
85.

(c:/texlive/2026/texmf-dist/tex/latex/latexconfig/epstopdf-sys.cfg
File: epstopdf-sys.cfg 2010/07/13 v1.3 Configuration of (r)epstopdf for TeX Liv
e
))
Package hyperref Info: Link coloring OFF on input line 59.

(./access.out) (./access.out)
\@outlinefile=\write3
\openout3 = `access.out'.

<bullet.png, id=215, 12.045pt x 35.38219pt>
File: bullet.png Graphic file (type png)
<use bullet.png>
Package pdftex.def Info: bullet.png  used on input line 83.
(pdftex.def)             Requested size: 5.0pt x 14.6871pt.


Package xcolor Warning: Incompatible color definition on input line 83.

LaTeX Font Info:    Trying to load font information for T5+formata on input lin
e 83.
(./t5formata.fd)
LaTeX Font Info:    Trying to load font information for OT1+lmr on input line 8
4.
 (c:/texlive/2026/texmf-dist/tex/latex/lm/ot1lmr.fd
File: ot1lmr.fd 2015/05/01 v1.6.1 Font defs for Latin Modern
)
LaTeX Font Info:    Trying to load font information for OML+lmm on input line 8
4.

(c:/texlive/2026/texmf-dist/tex/latex/lm/omllmm.fd
File: omllmm.fd 2015/05/01 v1.6.1 Font defs for Latin Modern
)
LaTeX Font Info:    Trying to load font information for OMS+lmsy on input line 
84.

(c:/texlive/2026/texmf-dist/tex/latex/lm/omslmsy.fd
File: omslmsy.fd 2015/05/01 v1.6.1 Font defs for Latin Modern
)
LaTeX Font Info:    Trying to load font information for OMX+lmex on input line 
84.

(c:/texlive/2026/texmf-dist/tex/latex/lm/omxlmex.fd
File: omxlmex.fd 2015/05/01 v1.6.1 Font defs for Latin Modern
)
LaTeX Font Info:    External font `lmex10' loaded for size
(Font)              <10> on input line 84.
LaTeX Font Info:    External font `lmex10' loaded for size
(Font)              <7> on input line 84.
LaTeX Font Info:    External font `lmex10' loaded for size
(Font)              <5> on input line 84.
LaTeX Font Info:    Trying to load font information for U+msa on input line 84.


(c:/texlive/2026/texmf-dist/tex/latex/amsfonts/umsa.fd
File: umsa.fd 2013/01/14 v3.01 AMS symbols A
)
LaTeX Font Info:    Trying to load font information for U+msb on input line 84.


(c:/texlive/2026/texmf-dist/tex/latex/amsfonts/umsb.fd
File: umsb.fd 2013/01/14 v3.01 AMS symbols B
)
File: bullet.png Graphic file (type png)
<use bullet.png>
Package pdftex.def Info: bullet.png  used on input line 87.
(pdftex.def)             Requested size: 5.0pt x 14.6871pt.


Package xcolor Warning: Incompatible color definition on input line 87.


Package xcolor Warning: Incompatible color definition on input line 93.

LaTeX Font Info:    Calculating math sizes for size <9.9> on input line 93.
LaTeX Font Info:    External font `lmex10' loaded for size
(Font)              <9.9> on input line 93.
LaTeX Font Info:    External font `lmex10' loaded for size
(Font)              <6.92996> on input line 93.
LaTeX Font Info:    External font `lmex10' loaded for size
(Font)              <4.95> on input line 93.
LaTeX Font Info:    Calculating math sizes for size <6.6> on input line 93.
LaTeX Font Info:    External font `lmex10' loaded for size
(Font)              <6.6> on input line 93.
LaTeX Font Info:    External font `lmex10' loaded for size
(Font)              <4.61998> on input line 93.
LaTeX Font Info:    External font `lmex10' loaded for size
(Font)              <3.3> on input line 93.

Overfull \hbox (9.2679pt too wide) in paragraph at lines 93--93
[]  
 []


Overfull \hbox (9.2679pt too wide) in paragraph at lines 93--93
[]  
 []


Package xcolor Warning: Incompatible color definition on input line 94.


Package xcolor Warning: Incompatible color definition on input line 98.

<logo.png, id=217, 206.27063pt x 53.44969pt>
File: logo.png Graphic file (type png)
<use logo.png>
Package pdftex.def Info: logo.png  used on input line 98.
(pdftex.def)             Requested size: 91.32pt x 23.66309pt.

Overfull \hbox (505.12177pt too wide) has occurred while \output is active
[]
 []


Overfull \hbox (505.12177pt too wide) has occurred while \output is active
[]
 []


Overfull \hbox (505.12177pt too wide) has occurred while \output is active
[]
 []


Underfull \hbox (badness 10000) has occurred while \output is active
[]
 []

[1{c:/texlive/2026/texmf-dist/fonts/enc/dvips/lm/lm-mathsy.enc}


 <./logo.png> <./bullet.png>]
Underfull \hbox (badness 2486) in paragraph at lines 110--112
[]\T5/times/bx/n/10 Comprehensive Kine-matic Char-ac-ter-i-za-tion: \T5/times/m
/n/10 We
 []


Underfull \hbox (badness 2020) in paragraph at lines 113--115
[]\T5/times/bx/n/10 Spatial Topol-ogy Anal-y-sis: \T5/times/m/n/10 We in-ves-ti
-gate signer
 []


Underfull \hbox (badness 1616) in paragraph at lines 116--118
[]\T5/times/bx/n/10 Cross-Lingual Se-man-tic Sim-i-lar-ity Anal-y-sis: \T5/time
s/m/n/10 We
 []


Package xcolor Warning: Incompatible color definition on input line 125.


Underfull \hbox (badness 1783) in paragraph at lines 127--128
\T5/times/m/n/10 lan-guages, par-tic-u-larly Amer-i-can Sign Lan-guage (ASL),
 []


Package xcolor Warning: Incompatible color definition on input line 129.


LaTeX Font Warning: Font shape `T5/formata/b/sl' undefined
(Font)              using `T5/formata/b/it' instead on input line 129.


Underfull \hbox (badness 1430) in paragraph at lines 130--131
\T5/times/m/n/10 datasets. Early ef-forts, such as the ASL Lex-i-con Video
 []

<notaglinelogo.png, id=245, 169.38281pt x 42.91031pt>
File: notaglinelogo.png Graphic file (type png)
<use notaglinelogo.png>
Package pdftex.def Info: notaglinelogo.png  used on input line 131.
(pdftex.def)             Requested size: 91.32pt x 23.1352pt.

LaTeX Font Warning: Font shape `T1/formata/m/sl' undefined
(Font)              using `T1/formata/m/it' instead on input line 131.


Overfull \hbox (505.12177pt too wide) has occurred while \output is active
[]
 []


Overfull \hbox (505.12177pt too wide) has occurred while \output is active
[]
 []


Underfull \hbox (badness 10000) has occurred while \output is active
[]
 []

[2{c:/texlive/2026/texmf-dist/fonts/enc/dvips/lm/lm-rm.enc}{c:/texlive/2026/tex
mf-dist/fonts/enc/dvips/lm/lm-mathit.enc} <./notaglinelogo.png>]

Package xcolor Warning: Incompatible color definition on input line 136.


LaTeX Font Warning: Font shape `T5/formata/b/sl' undefined
(Font)              using `T5/formata/b/it' instead on input line 136.


Underfull \hbox (badness 1502) in paragraph at lines 141--142
\T5/times/m/n/10 for In-dian and Bangla Sign Lan-guages. The IN-CLUDE
 []


Package xcolor Warning: Incompatible color definition on input line 143.


LaTeX Font Warning: Font shape `T5/formata/b/sl' undefined
(Font)              using `T5/formata/b/it' instead on input line 143.


LaTeX Font Warning: Font shape `T1/formata/m/sl' undefined
(Font)              using `T1/formata/m/it' instead on input line 151.

File: notaglinelogo.png Graphic file (type png)
<use notaglinelogo.png>
Package pdftex.def Info: notaglinelogo.png  used on input line 151.
(pdftex.def)             Requested size: 91.32pt x 23.1352pt.

Overfull \hbox (505.12177pt too wide) has occurred while \output is active
[]
 []


Overfull \hbox (505.12177pt too wide) has occurred while \output is active
[]
 []


Underfull \hbox (badness 10000) has occurred while \output is active
[]
 []

[3]

Package xcolor Warning: Incompatible color definition on input line 152.


LaTeX Font Warning: Font shape `T5/formata/b/sl' undefined
(Font)              using `T5/formata/b/it' instead on input line 152.


Underfull \hbox (badness 1701) in paragraph at lines 157--158
\T5/times/m/n/10 hours of video and 1,000 glosses with min-i-mal hu-man
 []


Underfull \hbox (badness 2469) in paragraph at lines 157--158
\T5/times/m/n/10 in-ter-ven-tion. While con-tin-u-ous datasets like PHOENIX,
 []


Package xcolor Warning: Incompatible color definition on input line 159.


LaTeX Font Warning: Font shape `T5/formata/b/sl' undefined
(Font)              using `T5/formata/b/it' instead on input line 159.


Underfull \hbox (badness 1430) in paragraph at lines 170--171
\T5/times/m/it/10 record-ing di-ver-sity\T5/times/m/n/10 ^^Vencompassing dif-fe
r-ences in cam-era
 []

File: notaglinelogo.png Graphic file (type png)
<use notaglinelogo.png>
Package pdftex.def Info: notaglinelogo.png  used on input line 171.
(pdftex.def)             Requested size: 91.32pt x 23.1352pt.

LaTeX Font Warning: Font shape `T1/formata/m/sl' undefined
(Font)              using `T1/formata/m/it' instead on input line 171.


Overfull \hbox (505.12177pt too wide) has occurred while \output is active
[]
 []


Overfull \hbox (505.12177pt too wide) has occurred while \output is active
[]
 []


Underfull \hbox (badness 10000) has occurred while \output is active
[]
 []

[4]

Package xcolor Warning: Incompatible color definition on input line 172.


Package xcolor Warning: Incompatible color definition on input line 176.


LaTeX Font Warning: Font shape `T5/formata/b/sl' undefined
(Font)              using `T5/formata/b/it' instead on input line 176.


Underfull \hbox (badness 1874) in paragraph at lines 177--178
\T5/times/m/n/10 The in-tegrity of our com-par-a-tive anal-y-sis re-lies on the

 []


Package xcolor Warning: Incompatible color definition on input line 179.


LaTeX Font Warning: Font shape `T5/formata/b/sl' undefined
(Font)              using `T5/formata/b/it' instead on input line 179.


Package xcolor Warning: Incompatible color definition on input line 182.


LaTeX Font Warning: Font shape `T5/formata/b/sl' undefined
(Font)              using `T5/formata/b/it' instead on input line 182.

LaTeX Font Info:    Trying to load font information for T5+pcr on input line 18
5.
(c:/texlive/2026/texmf-dist/tex/latex/vntex/t5pcr.fd
File: t5ucr.fd 2005/08/24 Fontinst v1.929 font definitions for T5/pcr.
)

LaTeX Font Warning: Font shape `T5/pcr/n/n' undefined
(Font)              using `T5/pcr/m/n' instead on input line 185.


Underfull \hbox (badness 2103) in paragraph at lines 185--186
\T5/times/m/n/10 If a cru-cial an-chor-ing land-mark (e.g., the wrist or the
 []


Underfull \hbox (badness 2418) in paragraph at lines 185--186
\T5/times/m/n/10 dom-i-nant in-dex fin-ger) drops be-low this thresh-old, the
 []


Underfull \hbox (badness 1527) in paragraph at lines 185--186
\T5/times/m/n/10 quality met-rics, such as \T5/pcr/n/n/10 left_hand_missing_rat
e\T5/times/m/n/10 ,
 []


Package xcolor Warning: Incompatible color definition on input line 187.


LaTeX Font Warning: Font shape `T5/formata/b/sl' undefined
(Font)              using `T5/formata/b/it' instead on input line 187.


Package xcolor Warning: Incompatible color definition on input line 190.


Underfull \hbox (badness 1590) in paragraph at lines 198--199
[]\T5/times/bx/n/10 Digit-to-Wrist Ra-tios and Open-ness Prox-ies: \T5/times/m/
n/10 To
 []


LaTeX Font Warning: Font shape `T1/formata/m/sl' undefined
(Font)              using `T1/formata/m/it' instead on input line 199.

File: notaglinelogo.png Graphic file (type png)
<use notaglinelogo.png>
Package pdftex.def Info: notaglinelogo.png  used on input line 199.
(pdftex.def)             Requested size: 91.32pt x 23.1352pt.

Overfull \hbox (505.12177pt too wide) has occurred while \output is active
[]
 []


Overfull \hbox (505.12177pt too wide) has occurred while \output is active
[]
 []


Underfull \hbox (badness 10000) has occurred while \output is active
[]
 []

[5{c:/texlive/2026/texmf-dist/fonts/enc/dvips/vntex/t5.enc}{c:/texlive/2026/tex
mf-dist/fonts/enc/dvips/lm/lm-mathex.enc}]

Package xcolor Warning: Incompatible color definition on input line 202.


Underfull \hbox (badness 1735) in paragraph at lines 219--221
\T5/times/m/n/10 met-rics: \T5/pcr/n/n/10 mean_velocity \T5/times/m/n/10 ($[]$)
, \T5/pcr/n/n/10 max_velocity\T5/times/m/n/10 ,
 []


Overfull \hbox (6.19055pt too wide) in paragraph at lines 219--221
\T5/pcr/n/n/10 ac-cel-er-a-tion_std \T5/times/m/n/10 ($\OML/lmm/m/it/10 ^^[[]$\
T5/times/m/n/10 ). The \T5/pcr/n/n/10 mo-tion_variance
 []


Underfull \hbox (badness 5345) in paragraph at lines 222--223
\T5/times/m/n/10 tial sep-a-ra-tion be-tween di-verse phys-i-o-log-i-cal an-
 []


Package xcolor Warning: Incompatible color definition on input line 225.


LaTeX Font Warning: Font shape `T5/formata/b/sl' undefined
(Font)              using `T5/formata/b/it' instead on input line 225.


Package xcolor Warning: Incompatible color definition on input line 234.


LaTeX Font Warning: Font shape `T5/formata/b/sl' undefined
(Font)              using `T5/formata/b/it' instead on input line 234.


Package xcolor Warning: Incompatible color definition on input line 237.


LaTeX Font Warning: Font shape `T5/formata/b/sl' undefined
(Font)              using `T5/formata/b/it' instead on input line 237.


Package xcolor Warning: Incompatible color definition on input line 240.

File: notaglinelogo.png Graphic file (type png)
<use notaglinelogo.png>
Package pdftex.def Info: notaglinelogo.png  used on input line 245.
(pdftex.def)             Requested size: 91.32pt x 23.1352pt.

LaTeX Font Warning: Font shape `T1/formata/m/sl' undefined
(Font)              using `T1/formata/m/it' instead on input line 245.


Overfull \hbox (505.12177pt too wide) has occurred while \output is active
[]
 []


Overfull \hbox (505.12177pt too wide) has occurred while \output is active
[]
 []


Underfull \hbox (badness 10000) has occurred while \output is active
[]
 []

[6]

Package xcolor Warning: Incompatible color definition on input line 246.


LaTeX Font Warning: Font shape `T5/formata/b/sl' undefined
(Font)              using `T5/formata/b/it' instead on input line 246.

<figures/VSL_class_distribution_histogram.png, id=341, 448.074pt x 335.3328pt>
File: figures/VSL_class_distribution_histogram.png Graphic file (type png)
<use figures/VSL_class_distribution_histogram.png>
Package pdftex.def Info: figures/VSL_class_distribution_histogram.png  used on 
input line 252.
(pdftex.def)             Requested size: 242.67355pt x 181.61426pt.

Package xcolor Warning: Incompatible color definition on input line 253.


LaTeX Font Warning: Font shape `T5/formata/bx/n' undefined
(Font)              using `T5/formata/b/n' instead on input line 253.


Package xcolor Warning: Incompatible color definition on input line 253.


LaTeX Font Warning: Font shape `T5/formata/bx/n' undefined
(Font)              using `T5/formata/b/n' instead on input line 253.


Package xcolor Warning: Incompatible color definition on input line 259.


LaTeX Font Warning: Font shape `T5/formata/bx/n' undefined
(Font)              using `T5/formata/b/n' instead on input line 259.

LaTeX Font Info:    External font `lmex10' loaded for size
(Font)              <8> on input line 262.
LaTeX Font Info:    External font `lmex10' loaded for size
(Font)              <6> on input line 262.

Underfull \hbox (badness 1715) in paragraph at lines 287--288
\T5/times/m/n/10 min=1.97s, max=17.18s) com-pared with 2.43 sec-onds
 []


Underfull \hbox (badness 5077) in paragraph at lines 289--290
[]\T5/times/m/n/10 Frame rate uni-for-mity fur-ther dis-tin-guishes the two
 []


Package xcolor Warning: Incompatible color definition on input line 293.


LaTeX Font Warning: Font shape `T5/formata/b/sl' undefined
(Font)              using `T5/formata/b/it' instead on input line 293.


LaTeX Font Warning: Font shape `T1/formata/m/sl' undefined
(Font)              using `T1/formata/m/it' instead on input line 297.

File: notaglinelogo.png Graphic file (type png)
<use notaglinelogo.png>
Package pdftex.def Info: notaglinelogo.png  used on input line 297.
(pdftex.def)             Requested size: 91.32pt x 23.1352pt.

Overfull \hbox (505.12177pt too wide) has occurred while \output is active
[]
 []


Overfull \hbox (505.12177pt too wide) has occurred while \output is active
[]
 []


Underfull \hbox (badness 10000) has occurred while \output is active
[]
 []

[7 <./figures/VSL_class_distribution_histogram.png>]
<figures/VSL_lorenz_curve.png, id=358, 390.4989pt x 390.9807pt>
File: figures/VSL_lorenz_curve.png Graphic file (type png)
<use figures/VSL_lorenz_curve.png>
Package pdftex.def Info: figures/VSL_lorenz_curve.png  used on input line 302.
(pdftex.def)             Requested size: 242.67355pt x 242.97824pt.


Package xcolor Warning: Incompatible color definition on input line 303.


LaTeX Font Warning: Font shape `T5/formata/bx/n' undefined
(Font)              using `T5/formata/b/n' instead on input line 303.


Package xcolor Warning: Incompatible color definition on input line 303.


LaTeX Font Warning: Font shape `T5/formata/bx/n' undefined
(Font)              using `T5/formata/b/n' instead on input line 303.

<figures/class_count_boxplot_comparison.png, id=359, 437.9562pt x 335.3328pt>
File: figures/class_count_boxplot_comparison.png Graphic file (type png)
<use figures/class_count_boxplot_comparison.png>
Package pdftex.def Info: figures/class_count_boxplot_comparison.png  used on in
put line 309.
(pdftex.def)             Requested size: 242.67355pt x 185.81001pt.

Package xcolor Warning: Incompatible color definition on input line 310.


LaTeX Font Warning: Font shape `T5/formata/bx/n' undefined
(Font)              using `T5/formata/b/n' instead on input line 310.


Package xcolor Warning: Incompatible color definition on input line 310.


LaTeX Font Warning: Font shape `T5/formata/bx/n' undefined
(Font)              using `T5/formata/b/n' instead on input line 310.


Package xcolor Warning: Incompatible color definition on input line 314.


LaTeX Font Warning: Font shape `T5/formata/b/sl' undefined
(Font)              using `T5/formata/b/it' instead on input line 314.


Package xcolor Warning: Incompatible color definition on input line 318.

File: notaglinelogo.png Graphic file (type png)
<use notaglinelogo.png>
Package pdftex.def Info: notaglinelogo.png  used on input line 326.
(pdftex.def)             Requested size: 91.32pt x 23.1352pt.

LaTeX Font Warning: Font shape `T1/formata/m/sl' undefined
(Font)              using `T1/formata/m/it' instead on input line 326.


Overfull \hbox (505.12177pt too wide) has occurred while \output is active
[]
 []


Overfull \hbox (505.12177pt too wide) has occurred while \output is active
[]
 []


Underfull \hbox (badness 10000) has occurred while \output is active
[]
 []

[8 <./figures/VSL_lorenz_curve.png> <./figures/class_count_boxplot_comparison.p
ng>]

Package xcolor Warning: Incompatible color definition on input line 327.


LaTeX Font Warning: Font shape `T5/formata/b/sl' undefined
(Font)              using `T5/formata/b/it' instead on input line 327.


Package xcolor Warning: Incompatible color definition on input line 334.

<figures/boxplot_total_motion.png, id=375, 578.16pt x 361.35pt>
File: figures/boxplot_total_motion.png Graphic file (type png)
<use figures/boxplot_total_motion.png>
Package pdftex.def Info: figures/boxplot_total_motion.png  used on input line 3
43.
(pdftex.def)             Requested size: 242.67355pt x 151.66672pt.

Package xcolor Warning: Incompatible color definition on input line 344.


LaTeX Font Warning: Font shape `T5/formata/bx/n' undefined
(Font)              using `T5/formata/b/n' instead on input line 344.


Package xcolor Warning: Incompatible color definition on input line 344.


LaTeX Font Warning: Font shape `T5/formata/bx/n' undefined
(Font)              using `T5/formata/b/n' instead on input line 344.

<figures/histogram_total_motion.png, id=376, 578.16pt x 361.35pt>
File: figures/histogram_total_motion.png Graphic file (type png)
<use figures/histogram_total_motion.png>
Package pdftex.def Info: figures/histogram_total_motion.png  used on input line
 350.
(pdftex.def)             Requested size: 242.67355pt x 151.66672pt.

Package xcolor Warning: Incompatible color definition on input line 351.


LaTeX Font Warning: Font shape `T5/formata/bx/n' undefined
(Font)              using `T5/formata/b/n' instead on input line 351.


Package xcolor Warning: Incompatible color definition on input line 351.


LaTeX Font Warning: Font shape `T5/formata/bx/n' undefined
(Font)              using `T5/formata/b/n' instead on input line 351.


Package xcolor Warning: Incompatible color definition on input line 355.


Underfull \hbox (badness 1708) in paragraph at lines 357--358
\T5/times/m/n/10 Applying the first- and second-order deriva-tives $\T5/times/m
/it/10 V[]$ \T5/times/m/n/10 and
 []


Underfull \hbox (badness 2698) in paragraph at lines 357--358
\T5/times/m/n/10 troid tra-jec-to-ries, we ag-gre-gate the global ki-netic met-

 []


Underfull \hbox (badness 1946) in paragraph at lines 357--358
\T5/times/m/n/10 rics \T5/pcr/n/n/10 mean_velocity \T5/times/m/n/10 ($[]$), \T5
/pcr/n/n/10 max_velocity\T5/times/m/n/10 , \T5/pcr/n/n/10 ve-loc-
 []

<figures/boxplot_mean_velocity.png, id=381, 578.16pt x 361.35pt>
File: figures/boxplot_mean_velocity.png Graphic file (type png)
<use figures/boxplot_mean_velocity.png>
Package pdftex.def Info: figures/boxplot_mean_velocity.png  used on input line 
364.
(pdftex.def)             Requested size: 242.67355pt x 151.66672pt.

Package xcolor Warning: Incompatible color definition on input line 365.


LaTeX Font Warning: Font shape `T5/formata/bx/n' undefined
(Font)              using `T5/formata/b/n' instead on input line 365.


Package xcolor Warning: Incompatible color definition on input line 365.


LaTeX Font Warning: Font shape `T5/formata/bx/n' undefined
(Font)              using `T5/formata/b/n' instead on input line 365.

<figures/boxplot_mean_acceleration.png, id=382, 578.16pt x 361.35pt>
File: figures/boxplot_mean_acceleration.png Graphic file (type png)
<use figures/boxplot_mean_acceleration.png>
Package pdftex.def Info: figures/boxplot_mean_acceleration.png  used on input l
ine 371.
(pdftex.def)             Requested size: 242.67355pt x 151.66672pt.

Package xcolor Warning: Incompatible color definition on input line 372.


LaTeX Font Warning: Font shape `T5/formata/bx/n' undefined
(Font)              using `T5/formata/b/n' instead on input line 372.


Package xcolor Warning: Incompatible color definition on input line 372.


LaTeX Font Warning: Font shape `T5/formata/bx/n' undefined
(Font)              using `T5/formata/b/n' instead on input line 372.


Package xcolor Warning: Incompatible color definition on input line 379.


LaTeX Warning: Citation `pearson1901lines' on page 9 undefined on input line 38
1.


LaTeX Font Warning: Font shape `T1/formata/m/sl' undefined
(Font)              using `T1/formata/m/it' instead on input line 385.

File: notaglinelogo.png Graphic file (type png)
<use notaglinelogo.png>
Package pdftex.def Info: notaglinelogo.png  used on input line 385.
(pdftex.def)             Requested size: 91.32pt x 23.1352pt.

Overfull \hbox (505.12177pt too wide) has occurred while \output is active
[]
 []


Overfull \hbox (505.12177pt too wide) has occurred while \output is active
[]
 []


Underfull \hbox (badness 10000) has occurred while \output is active
[]
 []

[9 <./figures/boxplot_total_motion.png> <./figures/histogram_total_motion.png> 
<./figures/boxplot_mean_velocity.png>]
<figures/boxplot_straightness_ratio.png, id=398, 578.16pt x 361.35pt>
File: figures/boxplot_straightness_ratio.png Graphic file (type png)
<use figures/boxplot_straightness_ratio.png>
Package pdftex.def Info: figures/boxplot_straightness_ratio.png  used on input 
line 388.
(pdftex.def)             Requested size: 242.67355pt x 151.66672pt.


Package xcolor Warning: Incompatible color definition on input line 389.


LaTeX Font Warning: Font shape `T5/formata/bx/n' undefined
(Font)              using `T5/formata/b/n' instead on input line 389.


Package xcolor Warning: Incompatible color definition on input line 389.


LaTeX Font Warning: Font shape `T5/formata/bx/n' undefined
(Font)              using `T5/formata/b/n' instead on input line 389.

<figures/trajectory_examples_VSL.png, id=399, 578.16pt x 433.62pt>
File: figures/trajectory_examples_VSL.png Graphic file (type png)
<use figures/trajectory_examples_VSL.png>
Package pdftex.def Info: figures/trajectory_examples_VSL.png  used on input lin
e 395.
(pdftex.def)             Requested size: 242.67355pt x 182.00006pt.

Package xcolor Warning: Incompatible color definition on input line 396.


LaTeX Font Warning: Font shape `T5/formata/bx/n' undefined
(Font)              using `T5/formata/b/n' instead on input line 396.


Package xcolor Warning: Incompatible color definition on input line 396.


LaTeX Font Warning: Font shape `T5/formata/bx/n' undefined
(Font)              using `T5/formata/b/n' instead on input line 396.

<figures/trajectory_examples_ASL.png, id=400, 578.16pt x 433.62pt>
File: figures/trajectory_examples_ASL.png Graphic file (type png)
<use figures/trajectory_examples_ASL.png>
Package pdftex.def Info: figures/trajectory_examples_ASL.png  used on input lin
e 402.
(pdftex.def)             Requested size: 242.67355pt x 182.00006pt.

Package xcolor Warning: Incompatible color definition on input line 403.


LaTeX Font Warning: Font shape `T5/formata/bx/n' undefined
(Font)              using `T5/formata/b/n' instead on input line 403.


Package xcolor Warning: Incompatible color definition on input line 403.


LaTeX Font Warning: Font shape `T5/formata/bx/n' undefined
(Font)              using `T5/formata/b/n' instead on input line 403.

<figures/scatter_total_motion_vs_motion_variance.png, id=402, 578.16pt x 361.35
pt>
File: figures/scatter_total_motion_vs_motion_variance.png Graphic file (type pn
g)
<use figures/scatter_total_motion_vs_motion_variance.png>
Package pdftex.def Info: figures/scatter_total_motion_vs_motion_variance.png  u
sed on input line 412.
(pdftex.def)             Requested size: 242.67355pt x 151.66672pt.

Package xcolor Warning: Incompatible color definition on input line 413.


LaTeX Font Warning: Font shape `T5/formata/bx/n' undefined
(Font)              using `T5/formata/b/n' instead on input line 413.


Package xcolor Warning: Incompatible color definition on input line 413.


LaTeX Font Warning: Font shape `T5/formata/bx/n' undefined
(Font)              using `T5/formata/b/n' instead on input line 413.


Package xcolor Warning: Incompatible color definition on input line 417.

File: notaglinelogo.png Graphic file (type png)
<use notaglinelogo.png>
Package pdftex.def Info: notaglinelogo.png  used on input line 420.
(pdftex.def)             Requested size: 91.32pt x 23.1352pt.

LaTeX Font Warning: Font shape `T1/formata/m/sl' undefined
(Font)              using `T1/formata/m/it' instead on input line 420.


Overfull \hbox (505.12177pt too wide) has occurred while \output is active
[]
 []


Overfull \hbox (505.12177pt too wide) has occurred while \output is active
[]
 []


Underfull \hbox (badness 10000) has occurred while \output is active
[]
 []

[10 <./figures/boxplot_mean_acceleration.png> <./figures/boxplot_straightness_r
atio.png> <./figures/trajectory_examples_VSL.png> <./figures/trajectory_example
s_ASL.png> <./figures/scatter_total_motion_vs_motion_variance.png>]

Package xcolor Warning: Incompatible color definition on input line 428.


LaTeX Font Warning: Font shape `T5/formata/b/sl' undefined
(Font)              using `T5/formata/b/it' instead on input line 428.

<figures/ASL_one_two_hand_distribution.png, id=419, 578.16pt x 361.35pt>
File: figures/ASL_one_two_hand_distribution.png Graphic file (type png)
<use figures/ASL_one_two_hand_distribution.png>
Package pdftex.def Info: figures/ASL_one_two_hand_distribution.png  used on inp
ut line 439.
(pdftex.def)             Requested size: 242.67355pt x 151.66672pt.

Package xcolor Warning: Incompatible color definition on input line 440.


LaTeX Font Warning: Font shape `T5/formata/bx/n' undefined
(Font)              using `T5/formata/b/n' instead on input line 440.


Package xcolor Warning: Incompatible color definition on input line 440.


LaTeX Font Warning: Font shape `T5/formata/bx/n' undefined
(Font)              using `T5/formata/b/n' instead on input line 440.

<figures/VSL_one_two_hand_distribution.png, id=420, 578.16pt x 361.35pt>
File: figures/VSL_one_two_hand_distribution.png Graphic file (type png)
<use figures/VSL_one_two_hand_distribution.png>
Package pdftex.def Info: figures/VSL_one_two_hand_distribution.png  used on inp
ut line 446.
(pdftex.def)             Requested size: 242.67355pt x 151.66672pt.

Package xcolor Warning: Incompatible color definition on input line 447.


LaTeX Font Warning: Font shape `T5/formata/bx/n' undefined
(Font)              using `T5/formata/b/n' instead on input line 447.


Package xcolor Warning: Incompatible color definition on input line 447.


LaTeX Font Warning: Font shape `T5/formata/bx/n' undefined
(Font)              using `T5/formata/b/n' instead on input line 447.


Package xcolor Warning: Incompatible color definition on input line 452.


Package xcolor Warning: Incompatible color definition on input line 461.


LaTeX Font Warning: Font shape `T5/formata/b/sl' undefined
(Font)              using `T5/formata/b/it' instead on input line 461.


LaTeX Font Warning: Font shape `T1/formata/m/sl' undefined
(Font)              using `T1/formata/m/it' instead on input line 466.

File: notaglinelogo.png Graphic file (type png)
<use notaglinelogo.png>
Package pdftex.def Info: notaglinelogo.png  used on input line 466.
(pdftex.def)             Requested size: 91.32pt x 23.1352pt.

Overfull \hbox (505.12177pt too wide) has occurred while \output is active
[]
 []


Overfull \hbox (505.12177pt too wide) has occurred while \output is active
[]
 []


Underfull \hbox (badness 10000) has occurred while \output is active
[]
 []

[11 <./figures/ASL_one_two_hand_distribution.png> <./figures/VSL_one_two_hand_d
istribution.png>]

Package xcolor Warning: Incompatible color definition on input line 469.


LaTeX Font Warning: Font shape `T5/formata/bx/n' undefined
(Font)              using `T5/formata/b/n' instead on input line 469.

LaTeX Font Info:    External font `lmex10' loaded for size
(Font)              <9> on input line 476.

Underfull \hbox (badness 10000) in paragraph at lines 488--488
[]|\T5/times/m/it/9 chua bai \T5/times/m/n/9 (cor-rect
 []


Underfull \hbox (badness 6691) in paragraph at lines 492--492
[]|\T5/times/m/it/9 hop nhom \T5/times/m/n/9 (group
 []


Underfull \hbox (badness 10000) in paragraph at lines 494--494
[]|\T5/times/m/it/9 Tet Duong \T5/times/m/n/9 (New
 []


Package xcolor Warning: Incompatible color definition on input line 506.


Package xcolor Warning: Incompatible color definition on input line 512.


LaTeX Font Warning: Font shape `T5/formata/b/sl' undefined
(Font)              using `T5/formata/b/it' instead on input line 512.


Package xcolor Warning: Incompatible color definition on input line 522.


LaTeX Font Warning: Font shape `T5/formata/b/sl' undefined
(Font)              using `T5/formata/b/it' instead on input line 522.


Package xcolor Warning: Incompatible color definition on input line 528.


LaTeX Font Warning: Font shape `T5/formata/bx/n' undefined
(Font)              using `T5/formata/b/n' instead on input line 528.

File: notaglinelogo.png Graphic file (type png)
<use notaglinelogo.png>
Package pdftex.def Info: notaglinelogo.png  used on input line 555.
(pdftex.def)             Requested size: 91.32pt x 23.1352pt.

LaTeX Font Warning: Font shape `T1/formata/m/sl' undefined
(Font)              using `T1/formata/m/it' instead on input line 555.


Overfull \hbox (505.12177pt too wide) has occurred while \output is active
[]
 []


Overfull \hbox (505.12177pt too wide) has occurred while \output is active
[]
 []


Underfull \hbox (badness 10000) has occurred while \output is active
[]
 []

[12]

Package xcolor Warning: Incompatible color definition on input line 567.


Package xcolor Warning: Incompatible color definition on input line 572.


LaTeX Font Warning: Font shape `T5/formata/b/sl' undefined
(Font)              using `T5/formata/b/it' instead on input line 572.

<figures/01_similarity_histogram.png, id=444, 578.16pt x 361.35pt>
File: figures/01_similarity_histogram.png Graphic file (type png)
<use figures/01_similarity_histogram.png>
Package pdftex.def Info: figures/01_similarity_histogram.png  used on input lin
e 588.
(pdftex.def)             Requested size: 242.67355pt x 151.66672pt.

Package xcolor Warning: Incompatible color definition on input line 589.


LaTeX Font Warning: Font shape `T5/formata/bx/n' undefined
(Font)              using `T5/formata/b/n' instead on input line 589.


Package xcolor Warning: Incompatible color definition on input line 589.


LaTeX Font Warning: Font shape `T5/formata/bx/n' undefined
(Font)              using `T5/formata/b/n' instead on input line 589.


Package xcolor Warning: Incompatible color definition on input line 593.


LaTeX Font Warning: Font shape `T5/formata/b/sl' undefined
(Font)              using `T5/formata/b/it' instead on input line 593.


Package xcolor Warning: Incompatible color definition on input line 600.


Package xcolor Warning: Incompatible color definition on input line 664.


LaTeX Font Warning: Font shape `T5/formata/b/sl' undefined
(Font)              using `T5/formata/b/it' instead on input line 664.


LaTeX Font Warning: Font shape `T1/formata/m/sl' undefined
(Font)              using `T1/formata/m/it' instead on input line 666.

File: notaglinelogo.png Graphic file (type png)
<use notaglinelogo.png>
Package pdftex.def Info: notaglinelogo.png  used on input line 666.
(pdftex.def)             Requested size: 91.32pt x 23.1352pt.

Overfull \hbox (505.12177pt too wide) has occurred while \output is active
[]
 []


Overfull \hbox (505.12177pt too wide) has occurred while \output is active
[]
 []


Underfull \hbox (badness 10000) has occurred while \output is active
[]
 []

[13 <./figures/01_similarity_histogram.png>]
<figures/08_similarity_vs_motion_difference.png, id=457, 578.16pt x 361.35pt>
File: figures/08_similarity_vs_motion_difference.png Graphic file (type png)
<use figures/08_similarity_vs_motion_difference.png>
Package pdftex.def Info: figures/08_similarity_vs_motion_difference.png  used o
n input line 672.
(pdftex.def)             Requested size: 242.67355pt x 151.66672pt.


Package xcolor Warning: Incompatible color definition on input line 673.


LaTeX Font Warning: Font shape `T5/formata/bx/n' undefined
(Font)              using `T5/formata/b/n' instead on input line 673.


Package xcolor Warning: Incompatible color definition on input line 673.


LaTeX Font Warning: Font shape `T5/formata/bx/n' undefined
(Font)              using `T5/formata/b/n' instead on input line 673.


Package xcolor Warning: Incompatible color definition on input line 682.


LaTeX Font Warning: Font shape `T5/formata/bx/n' undefined
(Font)              using `T5/formata/b/n' instead on input line 682.


Package xcolor Warning: Incompatible color definition on input line 702.


Package xcolor Warning: Incompatible color definition on input line 707.


LaTeX Font Warning: Font shape `T5/formata/b/sl' undefined
(Font)              using `T5/formata/b/it' instead on input line 707.

File: notaglinelogo.png Graphic file (type png)
<use notaglinelogo.png>
Package pdftex.def Info: notaglinelogo.png  used on input line 713.
(pdftex.def)             Requested size: 91.32pt x 23.1352pt.

LaTeX Font Warning: Font shape `T1/formata/m/sl' undefined
(Font)              using `T1/formata/m/it' instead on input line 713.


Overfull \hbox (505.12177pt too wide) has occurred while \output is active
[]
 []


Overfull \hbox (505.12177pt too wide) has occurred while \output is active
[]
 []


Underfull \hbox (badness 10000) has occurred while \output is active
[]
 []

[14 <./figures/08_similarity_vs_motion_difference.png>]

Package xcolor Warning: Incompatible color definition on input line 716.


LaTeX Font Warning: Font shape `T5/formata/b/sl' undefined
(Font)              using `T5/formata/b/it' instead on input line 716.


LaTeX Warning: Reference `fig:asl_410_pca' on page 15 undefined on input line 7
17.


LaTeX Warning: Reference `fig:vsl_410_pca' on page 15 undefined on input line 7
17.


Package xcolor Warning: Incompatible color definition on input line 725.


Package xcolor Warning: Incompatible color definition on input line 751.

<../ACCESS_latex_template_20260513_V2/figures/wlasl_pca.png, id=483, 787.743pt 
x 573.1011pt>
File: ../ACCESS_latex_template_20260513_V2/figures/wlasl_pca.png Graphic file (
type png)
<use ../ACCESS_latex_template_20260513_V2/figures/wlasl_pca.png>
Package pdftex.def Info: ../ACCESS_latex_template_20260513_V2/figures/wlasl_pca
.png  used on input line 781.
(pdftex.def)             Requested size: 178.36427pt x 129.76419pt.
<../ACCESS_latex_template_20260513_V2/figures/vsl_pca.png, id=484, 787.743pt x 
573.1011pt>
File: ../ACCESS_latex_template_20260513_V2/figures/vsl_pca.png Graphic file (ty
pe png)
<use ../ACCESS_latex_template_20260513_V2/figures/vsl_pca.png>
Package pdftex.def Info: ../ACCESS_latex_template_20260513_V2/figures/vsl_pca.p
ng  used on input line 784.
(pdftex.def)             Requested size: 178.36427pt x 129.76419pt.

Package xcolor Warning: Incompatible color definition on input line 787.


LaTeX Font Warning: Font shape `T5/formata/bx/n' undefined
(Font)              using `T5/formata/b/n' instead on input line 787.


Package xcolor Warning: Incompatible color definition on input line 787.


LaTeX Font Warning: Font shape `T5/formata/bx/n' undefined
(Font)              using `T5/formata/b/n' instead on input line 787.

<../ACCESS_latex_template_20260513_V2/figures/wlasl_tsne.png, id=487, 786.5385p
t x 573.1011pt>
File: ../ACCESS_latex_template_20260513_V2/figures/wlasl_tsne.png Graphic file 
(type png)
<use ../ACCESS_latex_template_20260513_V2/figures/wlasl_tsne.png>
Package pdftex.def Info: ../ACCESS_latex_template_20260513_V2/figures/wlasl_tsn
e.png  used on input line 795.
(pdftex.def)             Requested size: 178.36427pt x 129.95657pt.
<../ACCESS_latex_template_20260513_V2/figures/vsl_tsne.png, id=488, 787.5021pt 
x 573.1011pt>
File: ../ACCESS_latex_template_20260513_V2/figures/vsl_tsne.png Graphic file (t
ype png)
<use ../ACCESS_latex_template_20260513_V2/figures/vsl_tsne.png>
Package pdftex.def Info: ../ACCESS_latex_template_20260513_V2/figures/vsl_tsne.
png  used on input line 798.
(pdftex.def)             Requested size: 178.36427pt x 129.79916pt.

Package xcolor Warning: Incompatible color definition on input line 801.


LaTeX Font Warning: Font shape `T5/formata/bx/n' undefined
(Font)              using `T5/formata/b/n' instead on input line 801.


Package xcolor Warning: Incompatible color definition on input line 801.


LaTeX Font Warning: Font shape `T5/formata/bx/n' undefined
(Font)              using `T5/formata/b/n' instead on input line 801.

<../ACCESS_latex_template_20260513_V2/figures/wlasl_umap.png, id=489, 787.743pt
 x 573.1011pt>
File: ../ACCESS_latex_template_20260513_V2/figures/wlasl_umap.png Graphic file 
(type png)
<use ../ACCESS_latex_template_20260513_V2/figures/wlasl_umap.png>
Package pdftex.def Info: ../ACCESS_latex_template_20260513_V2/figures/wlasl_uma
p.png  used on input line 809.
(pdftex.def)             Requested size: 178.36427pt x 129.76419pt.
<../ACCESS_latex_template_20260513_V2/figures/vsl_umap.png, id=490, 787.743pt x
 573.1011pt>
File: ../ACCESS_latex_template_20260513_V2/figures/vsl_umap.png Graphic file (t
ype png)
<use ../ACCESS_latex_template_20260513_V2/figures/vsl_umap.png>
Package pdftex.def Info: ../ACCESS_latex_template_20260513_V2/figures/vsl_umap.
png  used on input line 812.
(pdftex.def)             Requested size: 178.36427pt x 129.76419pt.

Package xcolor Warning: Incompatible color definition on input line 815.


LaTeX Font Warning: Font shape `T5/formata/bx/n' undefined
(Font)              using `T5/formata/b/n' instead on input line 815.


Package xcolor Warning: Incompatible color definition on input line 815.


LaTeX Font Warning: Font shape `T5/formata/bx/n' undefined
(Font)              using `T5/formata/b/n' instead on input line 815.


LaTeX Font Warning: Font shape `T1/formata/m/sl' undefined
(Font)              using `T1/formata/m/it' instead on input line 824.

File: notaglinelogo.png Graphic file (type png)
<use notaglinelogo.png>
Package pdftex.def Info: notaglinelogo.png  used on input line 824.
(pdftex.def)             Requested size: 91.32pt x 23.1352pt.

Overfull \hbox (505.12177pt too wide) has occurred while \output is active
[]
 []


Overfull \hbox (505.12177pt too wide) has occurred while \output is active
[]
 []


Underfull \hbox (badness 10000) has occurred while \output is active
[]
 []

[15]
File: notaglinelogo.png Graphic file (type png)
<use notaglinelogo.png>
Package pdftex.def Info: notaglinelogo.png  used on input line 827.
(pdftex.def)             Requested size: 91.32pt x 23.1352pt.


LaTeX Font Warning: Font shape `T1/formata/m/sl' undefined
(Font)              using `T1/formata/m/it' instead on input line 827.


Overfull \hbox (505.12177pt too wide) has occurred while \output is active
[]
 []


Overfull \hbox (505.12177pt too wide) has occurred while \output is active
[]
 []


Underfull \hbox (badness 10000) has occurred while \output is active
[]
 []

[16 <../ACCESS_latex_template_20260513_V2/figures/wlasl_pca.png> <../ACCESS_lat
ex_template_20260513_V2/figures/vsl_pca.png> <../ACCESS_latex_template_20260513
_V2/figures/wlasl_tsne.png> <../ACCESS_latex_template_20260513_V2/figures/vsl_t
sne.png>]

Package xcolor Warning: Incompatible color definition on input line 831.


Package xcolor Warning: Incompatible color definition on input line 840.


Underfull \hbox (badness 7168) in paragraph at lines 876--876
[]|\T5/times/m/n/9 Contrastive Rep-re-sen-ta-
 []


Package xcolor Warning: Incompatible color definition on input line 899.


Package xcolor Warning: Incompatible color definition on input line 911.


LaTeX Font Warning: Font shape `T1/formata/m/sl' undefined
(Font)              using `T1/formata/m/it' instead on input line 916.

File: notaglinelogo.png Graphic file (type png)
<use notaglinelogo.png>
Package pdftex.def Info: notaglinelogo.png  used on input line 916.
(pdftex.def)             Requested size: 91.32pt x 23.1352pt.

Overfull \hbox (505.12177pt too wide) has occurred while \output is active
[]
 []


Overfull \hbox (505.12177pt too wide) has occurred while \output is active
[]
 []


Underfull \hbox (badness 10000) has occurred while \output is active
[]
 []

[17 <../ACCESS_latex_template_20260513_V2/figures/wlasl_umap.png> <../ACCESS_la
tex_template_20260513_V2/figures/vsl_umap.png>]
File: notaglinelogo.png Graphic file (type png)
<use notaglinelogo.png>
Package pdftex.def Info: notaglinelogo.png  used on input line 920.
(pdftex.def)             Requested size: 91.32pt x 23.1352pt.


LaTeX Font Warning: Font shape `T1/formata/m/sl' undefined
(Font)              using `T1/formata/m/it' instead on input line 920.


Overfull \hbox (505.12177pt too wide) has occurred while \output is active
[]
 []


Overfull \hbox (505.12177pt too wide) has occurred while \output is active
[]
 []


Underfull \hbox (badness 10000) has occurred while \output is active
[]
 []

[18

]

Package xcolor Warning: Incompatible color definition on input line 923.


Package xcolor Warning: Incompatible color definition on input line 927.


Package xcolor Warning: Incompatible color definition on input line 1012.


Package xcolor Warning: Incompatible color definition on input line 1019.


Package xcolor Warning: Incompatible color definition on input line 1093.


Package xcolor Warning: Incompatible color definition on input line 1100.


Package xcolor Warning: Incompatible color definition on input line 1162.


LaTeX Font Warning: Font shape `T1/formata/m/sl' undefined
(Font)              using `T1/formata/m/it' instead on input line 1256.

File: notaglinelogo.png Graphic file (type png)
<use notaglinelogo.png>
Package pdftex.def Info: notaglinelogo.png  used on input line 1256.
(pdftex.def)             Requested size: 91.32pt x 23.1352pt.

Overfull \hbox (505.12177pt too wide) has occurred while \output is active
[]
 []


Overfull \hbox (505.12177pt too wide) has occurred while \output is active
[]
 []


Underfull \hbox (badness 10000) has occurred while \output is active
[]
 []

[19

]
File: notaglinelogo.png Graphic file (type png)
<use notaglinelogo.png>
Package pdftex.def Info: notaglinelogo.png  used on input line 1256.
(pdftex.def)             Requested size: 91.32pt x 23.1352pt.


LaTeX Font Warning: Font shape `T1/formata/m/sl' undefined
(Font)              using `T1/formata/m/it' instead on input line 1256.


Overfull \hbox (505.12177pt too wide) has occurred while \output is active
[]
 []


Overfull \hbox (505.12177pt too wide) has occurred while \output is active
[]
 []


Underfull \hbox (badness 10000) has occurred while \output is active
[]
 []

[20]

LaTeX Font Warning: Font shape `T1/formata/m/sl' undefined
(Font)              using `T1/formata/m/it' instead on input line 1256.

File: notaglinelogo.png Graphic file (type png)
<use notaglinelogo.png>
Package pdftex.def Info: notaglinelogo.png  used on input line 1256.
(pdftex.def)             Requested size: 91.32pt x 23.1352pt.

Overfull \hbox (505.12177pt too wide) has occurred while \output is active
[]
 []


Overfull \hbox (505.12177pt too wide) has occurred while \output is active
[]
 []


Underfull \hbox (badness 10000) has occurred while \output is active
[]
 []

[21


]

Package hyperref Warning: The anchor of a bookmark and its parent's must not
(hyperref)                be the same. Added a new anchor on input line 1258.

File: bullet.png Graphic file (type png)
<use bullet.png>
Package pdftex.def Info: bullet.png  used on input line 1325.
(pdftex.def)             Requested size: 4.0pt x 11.74957pt.
File: notaglinelogo.png Graphic file (type png)
<use notaglinelogo.png>
Package pdftex.def Info: notaglinelogo.png  used on input line 1327.
(pdftex.def)             Requested size: 91.32pt x 23.1352pt.

LaTeX Font Warning: Font shape `T1/formata/m/sl' undefined
(Font)              using `T1/formata/m/it' instead on input line 1327.


Overfull \hbox (505.12177pt too wide) has occurred while \output is active
[]
 []


Overfull \hbox (505.12177pt too wide) has occurred while \output is active
[]
 []


Underfull \hbox (badness 10000) has occurred while \output is active
[]
 []

[22


] (./access.aux)
 ***********
LaTeX2e <2026-06-01>
L3 programming layer <2026-06-18>
 ***********


LaTeX Font Warning: Some font shapes were not available, defaults substituted.


LaTeX Warning: There were undefined references.

Package rerunfilecheck Info: File `access.out' has not changed.
(rerunfilecheck)             Checksum: D75C0BBE40325A25278F41928EE22053;12526.
 ) 
Here is how much of TeX's memory you used:
 13735 strings out of 467168
 216013 string characters out of 5413706
 667193 words of memory out of 5000000
 42570 multiletter control sequences out of 15000+600000
 983237 words of font info for 232 fonts, out of 8000000 for 9000
 1141 hyphenation exceptions out of 8191
 74i,13n,79p,2029b,573s stack positions out of 10000i,1000n,20000p,200000b,200000s

pdfTeX warning (dest): name{section*.1} has been referenced but does not exist,
 replaced by a fixed one

<c:/texlive/2026/texmf-dist/fonts/type1/public/lm/lmex10.pfb><c:/texlive/2026/t
exmf-dist/fonts/type1/public/lm/lmmi10.pfb><c:/texlive/2026/texmf-dist/fonts/ty
pe1/public/lm/lmmi7.pfb><c:/texlive/2026/texmf-dist/fonts/type1/public/lm/lmmi8
.pfb><c:/texlive/2026/texmf-dist/fonts/type1/public/lm/lmr10.pfb><c:/texlive/20
26/texmf-dist/fonts/type1/public/lm/lmr6.pfb><c:/texlive/2026/texmf-dist/fonts/
type1/public/lm/lmr7.pfb><c:/texlive/2026/texmf-dist/fonts/type1/public/lm/lmr8
.pfb><c:/texlive/2026/texmf-dist/fonts/type1/public/lm/lmr9.pfb><c:/texlive/202
6/texmf-dist/fonts/type1/public/lm/lmsy10.pfb><c:/texlive/2026/texmf-dist/fonts
/type1/public/lm/lmsy6.pfb><c:/texlive/2026/texmf-dist/fonts/type1/public/lm/lm
sy7.pfb><c:/texlive/2026/texmf-dist/fonts/type1/public/lm/lmsy8.pfb><c:/texlive
/2026/texmf-dist/fonts/type1/public/lm/lmsy9.pfb><c:/texlive/2026/texmf-dist/fo
nts/type1/public/amsfonts/symbols/msbm10.pfb><./t1-formata-bold.pfb><./t1-forma
ta-bolditalic.pfb><./t1-formata-medium.pfb><./t1-formata-mediumitalic.pfb><./t1
-formata-regular.pfb><./t1-times-bold.pfb><./t1-times-italic.pfb><./t1-times.pf
b><c:/texlive/2026/texmf-dist/fonts/type1/vntex/urwvn/ucrr8v.pfb>
Output written on access.pdf (22 pages, 13071656 bytes).
PDF statistics:
 704 PDF objects out of 1000 (max. 8388607)
 580 compressed objects within 6 object streams
 156 named destinations out of 1000 (max. 500000)
 553 words of extra memory for PDF output out of 10000 (max. 10000000)

