mktextfm T5-times
mktextfm T5-formata-regular
mktextfm T5-formata-bold
mktextfm T5-formata-regular
mktextfm T5-times
mktextfm T5-times
mktextfm T5-times-italic
mktextfm T5-formata-bold
mktextfm T5-formata-bold
mktextfm T5-formata-bold
mktextfm T5-times
mktextfm T5-times
mktextfm T5-times
mktextfm T5-formata-bold
mktextfm T5-times-bold
mktextfm nullfont
mktextfm nullfont
mktextfm T5-times
mktextfm T5-formata-bolditalic
mktextfm T5-times-italic
mktextfm T5-formata-regular
mktextfm T5-formata-medium
mktextfm T5-formata-bold
mktextfm T5-formata-medium
mktextfm T5-times
mktextfm T5-times-bold
mktextfm T5-times
mktextfm T5-times
mktextfm T5-times-italic
mktextfm T5-times
mktextfm T5-times-bold
mktextfm T5-times-italic
mktextfm T5-times
mktextfm T5-times-italic
mktextfm T5-times-italic
mktextfm T5-formata-regular
mktextfm T5-times
mktextfm T5-times-italic
